#
# A fatal error has been detected by the Java Runtime Environment:
#
#  Internal Error (javaClasses.cpp:136), pid=10732, tid=10824
#  fatal error: Invalid layout of preloaded class
#
# JRE version:  (7.0_40-b43) (build )
# Java VM: Java HotSpot(TM) Client VM (24.0-b56 mixed mode windows-x86 )
# Failed to write core dump. Minidumps are not enabled by default on client versions of Windows
#
# If you would like to submit a bug report, please visit:
#   http://bugreport.sun.com/bugreport/crash.jsp
#

---------------  T H R E A D  ---------------

Current thread (0x0259c000):  JavaThread "Unknown thread" [_thread_in_vm, id=10824, stack(0x02680000,0x026d0000)]

Stack: [0x02680000,0x026d0000],  sp=0x026cf59c,  free space=317k
Native frames: (J=compiled Java code, j=interpreted, Vv=VM code, C=native code)
V  [jvm.dll+0x18db91]
V  [jvm.dll+0x187936]
V  [jvm.dll+0x3582a]
V  [jvm.dll+0x358b6]
V  [jvm.dll+0x43fdd]
V  [jvm.dll+0x4428e]
V  [jvm.dll+0x923fa]
V  [jvm.dll+0x927ab]
V  [jvm.dll+0x13d761]
V  [jvm.dll+0x16023c]
V  [jvm.dll+0xc8c5f]
C  [javaw.exe+0x13ce]
C  [javaw.exe+0x1e40]
C  [javaw.exe+0xa5b1]
C  [javaw.exe+0xa63b]
C  [KERNEL32.DLL+0x2850d]
C  [ntdll.dll+0x5bf39]
C  [ntdll.dll+0x5bf0c]


---------------  P R O C E S S  ---------------

Java Threads: ( => current thread )

Other Threads:

=>0x0259c000 (exited) JavaThread "Unknown thread" [_thread_in_vm, id=10824, stack(0x02680000,0x026d0000)]

VM state:not at safepoint (not fully initialized)

VM Mutex/Monitor currently owned by a thread: None

GC Heap History (0 events):
No events

Deoptimization events (0 events):
No events

Internal exceptions (0 events):
No events

Events (10 events):
Event: 0.006 loading class 0x026fafe0 done
Event: 0.006 loading class 0x026faa70 done
Event: 0.006 loading class 0x026faa50
Event: 0.006 loading class 0x02701d78
Event: 0.006 loading class 0x02701d78 done
Event: 0.006 loading class 0x02701da8
Event: 0.006 loading class 0x02701da8 done
Event: 0.006 loading class 0x02701dd8
Event: 0.006 loading class 0x02701dd8 done
Event: 0.006 loading class 0x026faa50 done


Dynamic libraries:
0x00210000 - 0x0023f000 	C:\Program Files (x86)\Java\jre7\bin\javaw.exe
0x777b0000 - 0x77907000 	C:\Windows\SYSTEM32\ntdll.dll
0x76750000 - 0x76880000 	C:\Windows\SYSTEM32\KERNEL32.DLL
0x77260000 - 0x77306000 	C:\Windows\SYSTEM32\KERNELBASE.dll
0x775e0000 - 0x7768e000 	C:\Windows\SYSTEM32\ADVAPI32.dll
0x774c0000 - 0x775d6000 	C:\Windows\SYSTEM32\USER32.dll
0x70020000 - 0x70218000 	C:\Windows\WinSxS\x86_microsoft.windows.common-controls_6595b64144ccf1df_6.0.9200.16579_none_8937eec6860750f5\COMCTL32.dll
0x75060000 - 0x75111000 	C:\Windows\SYSTEM32\msvcrt.dll
0x77100000 - 0x77134000 	C:\Windows\SYSTEM32\sechost.dll
0x752d0000 - 0x7537c000 	C:\Windows\SYSTEM32\RPCRT4.dll
0x76880000 - 0x7697d000 	C:\Windows\SYSTEM32\GDI32.dll
0x74de0000 - 0x74dfc000 	C:\Windows\SYSTEM32\SspiCli.dll
0x74dd0000 - 0x74dd9000 	C:\Windows\SYSTEM32\CRYPTBASE.dll
0x74d70000 - 0x74dc1000 	C:\Windows\SYSTEM32\bcryptPrimitives.dll
0x75040000 - 0x75060000 	C:\Windows\system32\IMM32.DLL
0x754c0000 - 0x7559d000 	C:\Windows\SYSTEM32\MSCTF.dll
0x6df70000 - 0x6e02e000 	C:\Program Files (x86)\Java\jre7\bin\msvcr100.dll
0x77940000 - 0x77cc0000 	C:\Program Files (x86)\Java\jre7\bin\client\jvm.dll
0x74650000 - 0x74658000 	C:\Windows\SYSTEM32\WSOCK32.dll
0x74620000 - 0x74641000 	C:\Windows\SYSTEM32\WINMM.dll
0x771d0000 - 0x771d6000 	C:\Windows\SYSTEM32\PSAPI.DLL
0x74ff0000 - 0x75040000 	C:\Windows\SYSTEM32\WS2_32.dll
0x745f0000 - 0x7461b000 	C:\Windows\SYSTEM32\WINMMBASE.dll
0x76b80000 - 0x76b88000 	C:\Windows\SYSTEM32\NSI.dll
0x76700000 - 0x76746000 	C:\Windows\SYSTEM32\cfgmgr32.dll
0x74e00000 - 0x74e1e000 	C:\Windows\SYSTEM32\DEVOBJ.dll
0x6e1d0000 - 0x6e1dc000 	C:\Program Files (x86)\Java\jre7\bin\verify.dll
0x6e1b0000 - 0x6e1d0000 	C:\Program Files (x86)\Java\jre7\bin\java.dll
0x6e190000 - 0x6e1a3000 	C:\Program Files (x86)\Java\jre7\bin\zip.dll
0x61f40000 - 0x62069000 	C:\Windows\SYSTEM32\dbghelp.dll

VM Arguments:
jvm_args: -Dfile.encoding=Cp1252 -Xbootclasspath:C:\Users\alienware-sum\Downloads\adt-bundle-windows-x86-20130917\adt-bundle-windows-x86-20130917\sdk\platforms\android-18\android.jar 
java_command: org.eclipse.jdt.internal.junit.runner.RemoteTestRunner -version 3 -port 62501 -testLoaderClass org.eclipse.jdt.internal.junit.runner.junit3.JUnit3TestLoader -loaderpluginname org.eclipse.jdt.junit.runtime -classNames MathTest
Launcher Type: SUN_STANDARD

Environment Variables:
PATH=C:/Program Files (x86)/Java/jre7/bin/client;C:/Program Files (x86)/Java/jre7/bin;C:/Program Files (x86)/Java/jre7/lib/i386;C:\Program Files (x86)\NVIDIA Corporation\PhysX\Common;c:\Program Files (x86)\Intel\iCLS Client\;c:\Program Files\Intel\iCLS Client\;C:\Windows\system32;C:\Windows;C:\Windows\System32\Wbem;C:\Windows\System32\WindowsPowerShell\v1.0\;C:\Program Files\Intel\Intel(R) Management Engine Components\DAL;C:\Program Files\Intel\Intel(R) Management Engine Components\IPT;C:\Program Files (x86)\Intel\Intel(R) Management Engine Components\DAL;C:\Program Files (x86)\Intel\Intel(R) Management Engine Components\IPT;C:\Program Files (x86)\Windows Live\Shared;C:\Users\alienware-sum\Downloads\adt-bundle-windows-x86-20130917\adt-bundle-windows-x86-20130917\eclipse;
USERNAME=alienware-sum
OS=Windows_NT
PROCESSOR_IDENTIFIER=Intel64 Family 6 Model 60 Stepping 3, GenuineIntel



---------------  S Y S T E M  ---------------

OS: Windows 8 , 64 bit Build 9200 

CPU:total 8 (4 cores per cpu, 2 threads per core) family 6 model 60 stepping 3, cmov, cx8, fxsr, mmx, sse, sse2, sse3, ssse3, sse4.1, sse4.2, popcnt, avx, avx2, aes, erms, ht, tsc, tscinvbit

Memory: 4k page, physical 8098836k(2771384k free), swap 11947560k(5005064k free)

vm_info: Java HotSpot(TM) Client VM (24.0-b56) for windows-x86 JRE (1.7.0_40-b43), built on Aug 26 2013 22:34:40 by "java_re" with unknown MS VC++:1600

time: Sun Oct 06 20:40:57 2013
elapsed time: 0 seconds

