#
# A fatal error has been detected by the Java Runtime Environment:
#
#  Internal Error (javaClasses.cpp:136), pid=7860, tid=3572
#  fatal error: Invalid layout of preloaded class
#
# JRE version:  (7.0_40-b43) (build )
# Java VM: Java HotSpot(TM) Client VM (24.0-b56 mixed mode windows-x86 )
# Failed to write core dump. Minidumps are not enabled by default on client versions of Windows
#
# If you would like to submit a bug report, please visit:
#   http://bugreport.sun.com/bugreport/crash.jsp
#

---------------  T H R E A D  ---------------

Current thread (0x0044bc00):  JavaThread "Unknown thread" [_thread_in_vm, id=3572, stack(0x00450000,0x004a0000)]

Stack: [0x00450000,0x004a0000],  sp=0x0049f608,  free space=317k
Native frames: (J=compiled Java code, j=interpreted, Vv=VM code, C=native code)
V  [jvm.dll+0x18db91]
V  [jvm.dll+0x187936]
V  [jvm.dll+0x3582a]
V  [jvm.dll+0x358b6]
V  [jvm.dll+0x43fdd]
V  [jvm.dll+0x4428e]
V  [jvm.dll+0x923fa]
V  [jvm.dll+0x927ab]
V  [jvm.dll+0x13d761]
V  [jvm.dll+0x16023c]
V  [jvm.dll+0xc8c5f]
C  [javaw.exe+0x13ce]
C  [javaw.exe+0x1e40]
C  [javaw.exe+0xa5b1]
C  [javaw.exe+0xa63b]
C  [KERNEL32.DLL+0x2850d]
C  [ntdll.dll+0x5bf39]
C  [ntdll.dll+0x5bf0c]


---------------  P R O C E S S  ---------------

Java Threads: ( => current thread )

Other Threads:

=>0x0044bc00 (exited) JavaThread "Unknown thread" [_thread_in_vm, id=3572, stack(0x00450000,0x004a0000)]

VM state:not at safepoint (not fully initialized)

VM Mutex/Monitor currently owned by a thread: None

GC Heap History (0 events):
No events

Deoptimization events (0 events):
No events

Internal exceptions (0 events):
No events

Events (10 events):
Event: 0.006 loading class 0x009aad48 done
Event: 0.006 loading class 0x009aa7d8 done
Event: 0.006 loading class 0x009aa7b8
Event: 0.006 loading class 0x009b1ae0
Event: 0.006 loading class 0x009b1ae0 done
Event: 0.006 loading class 0x009b1b10
Event: 0.006 loading class 0x009b1b10 done
Event: 0.006 loading class 0x009b1b40
Event: 0.006 loading class 0x009b1b40 done
Event: 0.006 loading class 0x009aa7b8 done


Dynamic libraries:
0x00de0000 - 0x00e0f000 	C:\Program Files (x86)\Java\jre7\bin\javaw.exe
0x776c0000 - 0x77817000 	C:\Windows\SYSTEM32\ntdll.dll
0x76c40000 - 0x76d70000 	C:\Windows\SYSTEM32\KERNEL32.DLL
0x767b0000 - 0x76856000 	C:\Windows\SYSTEM32\KERNELBASE.dll
0x77330000 - 0x773de000 	C:\Windows\SYSTEM32\ADVAPI32.dll
0x773e0000 - 0x774f6000 	C:\Windows\SYSTEM32\USER32.dll
0x6ff30000 - 0x70128000 	C:\Windows\WinSxS\x86_microsoft.windows.common-controls_6595b64144ccf1df_6.0.9200.16579_none_8937eec6860750f5\COMCTL32.dll
0x766f0000 - 0x767a1000 	C:\Windows\SYSTEM32\msvcrt.dll
0x77270000 - 0x772a4000 	C:\Windows\SYSTEM32\sechost.dll
0x76e80000 - 0x76f2c000 	C:\Windows\SYSTEM32\RPCRT4.dll
0x77500000 - 0x775fd000 	C:\Windows\SYSTEM32\GDI32.dll
0x74cf0000 - 0x74d0c000 	C:\Windows\SYSTEM32\SspiCli.dll
0x74ce0000 - 0x74ce9000 	C:\Windows\SYSTEM32\CRYPTBASE.dll
0x74c80000 - 0x74cd1000 	C:\Windows\SYSTEM32\bcryptPrimitives.dll
0x772b0000 - 0x772d0000 	C:\Windows\system32\IMM32.DLL
0x76130000 - 0x7620d000 	C:\Windows\SYSTEM32\MSCTF.dll
0x5acb0000 - 0x5ad6e000 	C:\Program Files (x86)\Java\jre7\bin\msvcr100.dll
0x58b30000 - 0x58eb0000 	C:\Program Files (x86)\Java\jre7\bin\client\jvm.dll
0x74560000 - 0x74568000 	C:\Windows\SYSTEM32\WSOCK32.dll
0x74530000 - 0x74551000 	C:\Windows\SYSTEM32\WINMM.dll
0x76f30000 - 0x76f36000 	C:\Windows\SYSTEM32\PSAPI.DLL
0x77200000 - 0x77250000 	C:\Windows\SYSTEM32\WS2_32.dll
0x74500000 - 0x7452b000 	C:\Windows\SYSTEM32\WINMMBASE.dll
0x771f0000 - 0x771f8000 	C:\Windows\SYSTEM32\NSI.dll
0x76d70000 - 0x76db6000 	C:\Windows\SYSTEM32\cfgmgr32.dll
0x75e70000 - 0x75e8e000 	C:\Windows\SYSTEM32\DEVOBJ.dll
0x6d5c0000 - 0x6d5cc000 	C:\Program Files (x86)\Java\jre7\bin\verify.dll
0x6c300000 - 0x6c320000 	C:\Program Files (x86)\Java\jre7\bin\java.dll
0x60630000 - 0x60643000 	C:\Program Files (x86)\Java\jre7\bin\zip.dll
0x66730000 - 0x66859000 	C:\Windows\SYSTEM32\dbghelp.dll

VM Arguments:
jvm_args: -Dfile.encoding=Cp1252 -Xbootclasspath:C:\Users\alienware-sum\Downloads\adt-bundle-windows-x86-20130917\adt-bundle-windows-x86-20130917\sdk\platforms\android-18\android.jar 
java_command: com.example.descracker.DictionaryCheckHash
Launcher Type: SUN_STANDARD

Environment Variables:
PATH=C:/Program Files (x86)/Java/jre7/bin/client;C:/Program Files (x86)/Java/jre7/bin;C:/Program Files (x86)/Java/jre7/lib/i386;C:\Program Files (x86)\NVIDIA Corporation\PhysX\Common;c:\Program Files (x86)\Intel\iCLS Client\;c:\Program Files\Intel\iCLS Client\;C:\Windows\system32;C:\Windows;C:\Windows\System32\Wbem;C:\Windows\System32\WindowsPowerShell\v1.0\;C:\Program Files\Intel\Intel(R) Management Engine Components\DAL;C:\Program Files\Intel\Intel(R) Management Engine Components\IPT;C:\Program Files (x86)\Intel\Intel(R) Management Engine Components\DAL;C:\Program Files (x86)\Intel\Intel(R) Management Engine Components\IPT;C:\Program Files (x86)\Windows Live\Shared;C:\Users\alienware-sum\Downloads\adt-bundle-windows-x86-20130917\adt-bundle-windows-x86-20130917\eclipse;
USERNAME=alienware-sum
OS=Windows_NT
PROCESSOR_IDENTIFIER=Intel64 Family 6 Model 60 Stepping 3, GenuineIntel



---------------  S Y S T E M  ---------------

OS: Windows 8 , 64 bit Build 9200 

CPU:total 8 (4 cores per cpu, 2 threads per core) family 6 model 60 stepping 3, cmov, cx8, fxsr, mmx, sse, sse2, sse3, ssse3, sse4.1, sse4.2, popcnt, avx, avx2, aes, erms, ht, tsc, tscinvbit

Memory: 4k page, physical 8098836k(3518028k free), swap 10458132k(4021968k free)

vm_info: Java HotSpot(TM) Client VM (24.0-b56) for windows-x86 JRE (1.7.0_40-b43), built on Aug 26 2013 22:34:40 by "java_re" with unknown MS VC++:1600

time: Mon Oct 07 18:33:02 2013
elapsed time: 0 seconds

