#
# A fatal error has been detected by the Java Runtime Environment:
#
#  Internal Error (javaClasses.cpp:136), pid=3632, tid=3780
#  fatal error: Invalid layout of preloaded class
#
# JRE version:  (7.0_40-b43) (build )
# Java VM: Java HotSpot(TM) 64-Bit Server VM (24.0-b56 mixed mode windows-amd64 compressed oops)
# Failed to write core dump. Minidumps are not enabled by default on client versions of Windows
#
# If you would like to submit a bug report, please visit:
#   http://bugreport.sun.com/bugreport/crash.jsp
#

---------------  T H R E A D  ---------------

Current thread (0x0000000002a30800):  JavaThread "Unknown thread" [_thread_in_vm, id=3780, stack(0x0000000002920000,0x0000000002a20000)]

Stack: [0x0000000002920000,0x0000000002a20000]

---------------  P R O C E S S  ---------------

Java Threads: ( => current thread )

Other Threads:

=>0x0000000002a30800 (exited) JavaThread "Unknown thread" [_thread_in_vm, id=3780, stack(0x0000000002920000,0x0000000002a20000)]

VM state:not at safepoint (not fully initialized)

VM Mutex/Monitor currently owned by a thread: None

GC Heap History (0 events):
No events

Deoptimization events (0 events):
No events

Internal exceptions (0 events):
No events

Events (10 events):
Event: 0.008 loading class 0x0000000002a7e5f0 done
Event: 0.008 loading class 0x0000000002a7e010 done
Event: 0.008 loading class 0x0000000002a7dff0
Event: 0.008 loading class 0x0000000002a860f0
Event: 0.008 loading class 0x0000000002a860f0 done
Event: 0.008 loading class 0x0000000002a86120
Event: 0.008 loading class 0x0000000002a86120 done
Event: 0.008 loading class 0x0000000002a86150
Event: 0.008 loading class 0x0000000002a86150 done
Event: 0.008 loading class 0x0000000002a7dff0 done


Dynamic libraries:
0x00007ff762db0000 - 0x00007ff762de3000 	C:\Program Files\Java\jre7\bin\javaw.exe
0x00007ffa955f0000 - 0x00007ffa95799000 	C:\WINDOWS\SYSTEM32\ntdll.dll
0x00007ffa93cd0000 - 0x00007ffa93e09000 	C:\WINDOWS\system32\KERNEL32.DLL
0x00007ffa92cd0000 - 0x00007ffa92dde000 	C:\WINDOWS\system32\KERNELBASE.dll
0x00007ffa91570000 - 0x00007ffa915fb000 	C:\WINDOWS\system32\apphelp.dll
0x00007ffa902c0000 - 0x00007ffa9030c000 	C:\WINDOWS\AppPatch\AppPatch64\AcGenral.DLL
0x00007ffa939a0000 - 0x00007ffa93a47000 	C:\WINDOWS\system32\msvcrt.dll
0x00007ffa92710000 - 0x00007ffa9273b000 	C:\WINDOWS\SYSTEM32\SspiCli.dll
0x00007ffa93c00000 - 0x00007ffa93c51000 	C:\WINDOWS\system32\SHLWAPI.dll
0x00007ffa93310000 - 0x00007ffa93481000 	C:\WINDOWS\system32\USER32.dll
0x00007ffa93490000 - 0x00007ffa93606000 	C:\WINDOWS\system32\ole32.dll
0x00007ffa94140000 - 0x00007ffa9554f000 	C:\WINDOWS\system32\SHELL32.dll
0x00007ffa91f50000 - 0x00007ffa91f6f000 	C:\WINDOWS\SYSTEM32\USERENV.dll
0x00007ffa931b0000 - 0x00007ffa93255000 	C:\WINDOWS\system32\ADVAPI32.dll
0x00007ffa8a4b0000 - 0x00007ffa8a4cb000 	C:\WINDOWS\SYSTEM32\MPR.dll
0x00007ffa93070000 - 0x00007ffa931a6000 	C:\WINDOWS\system32\RPCRT4.dll
0x00007ffa93a60000 - 0x00007ffa93ab7000 	C:\WINDOWS\SYSTEM32\sechost.dll
0x00007ffa92e80000 - 0x00007ffa93057000 	C:\WINDOWS\SYSTEM32\combase.dll
0x00007ffa93fb0000 - 0x00007ffa940f5000 	C:\WINDOWS\system32\GDI32.dll
0x00007ffa92970000 - 0x00007ffa92984000 	C:\WINDOWS\SYSTEM32\profapi.dll
0x00007ffa91210000 - 0x00007ffa912b1000 	C:\WINDOWS\SYSTEM32\SHCORE.dll
0x00007ffa94100000 - 0x00007ffa94134000 	C:\WINDOWS\system32\IMM32.DLL
0x00007ffa93ac0000 - 0x00007ffa93bf8000 	C:\WINDOWS\system32\MSCTF.dll
0x00007ffa92930000 - 0x00007ffa9295f000 	C:\WINDOWS\system32\nvinitx.dll
0x00007ffa90b30000 - 0x00007ffa90d8a000 	C:\WINDOWS\WinSxS\amd64_microsoft.windows.common-controls_6595b64144ccf1df_6.0.9600.16384_none_62475f7becb72503\COMCTL32.dll
0x0000000071af0000 - 0x0000000071bc1000 	C:\Program Files\Java\jre7\bin\msvcr100.dll
0x0000000071320000 - 0x0000000071ae9000 	C:\Program Files\Java\jre7\bin\server\jvm.dll
0x00007ffa907d0000 - 0x00007ffa907d9000 	C:\WINDOWS\SYSTEM32\WSOCK32.dll
0x00007ffa90550000 - 0x00007ffa9056f000 	C:\WINDOWS\SYSTEM32\WINMM.dll
0x00007ffa93a50000 - 0x00007ffa93a57000 	C:\WINDOWS\system32\PSAPI.DLL
0x00007ffa93740000 - 0x00007ffa93798000 	C:\WINDOWS\system32\WS2_32.dll
0x00007ffa90510000 - 0x00007ffa9053a000 	C:\WINDOWS\SYSTEM32\WINMMBASE.dll
0x00007ffa93060000 - 0x00007ffa93069000 	C:\WINDOWS\system32\NSI.dll
0x00007ffa92de0000 - 0x00007ffa92e2a000 	C:\WINDOWS\SYSTEM32\cfgmgr32.dll
0x00007ffa917d0000 - 0x00007ffa917f6000 	C:\WINDOWS\SYSTEM32\DEVOBJ.dll
0x0000000071e00000 - 0x0000000071e0f000 	C:\Program Files\Java\jre7\bin\verify.dll
0x00000000712f0000 - 0x0000000071318000 	C:\Program Files\Java\jre7\bin\java.dll
0x00000000712d0000 - 0x00000000712e5000 	C:\Program Files\Java\jre7\bin\zip.dll

VM Arguments:
jvm_args: -Dfile.encoding=Cp1252 -Xbootclasspath:D:\Program Files\Android\android-sdk\platforms\android-18\android.jar 
java_command: com.example.descracker.padding
Launcher Type: SUN_STANDARD

Environment Variables:
JAVA_HOME=C:\Program Files\Java\jdk1.7.0_40
CLASSPATH=.;D:\Program Files\QuickTime\QTSystem\QTJava.zip
PATH=C:\WINDOWS\system32;C:\WINDOWS;C:\WINDOWS\System32\Wbem;C:\WINDOWS\System32\WindowsPowerShell\v1.0\;C:\Program Files (x86)\Windows Kits\8.1\Windows Performance Toolkit\;C:\Program Files\Microsoft SQL Server\110\Tools\Binn\;C:\Program Files (x86)\Microsoft SDKs\TypeScript\;D:\Program Files\QuickTime\QTSystem\;.;;.;;.;
USERNAME=gyianz
OS=Windows_NT
PROCESSOR_IDENTIFIER=Intel64 Family 6 Model 58 Stepping 9, GenuineIntel



---------------  S Y S T E M  ---------------

OS: Windows 8 , 64 bit Build 9200 

CPU:total 8 (4 cores per cpu, 2 threads per core) family 6 model 58 stepping 9, cmov, cx8, fxsr, mmx, sse, sse2, sse3, ssse3, sse4.1, sse4.2, popcnt, avx, aes, erms, ht, tsc, tscinvbit, tscinv

Memory: 4k page, physical 8288616k(5453128k free), swap 9599336k(6296292k free)

vm_info: Java HotSpot(TM) 64-Bit Server VM (24.0-b56) for windows-amd64 JRE (1.7.0_40-b43), built on Aug 26 2013 22:38:32 by "java_re" with unknown MS VC++:1600

time: Sat Oct 19 15:42:44 2013
elapsed time: 0 seconds

